<?xml version="1.0" encoding="UTF-8"?>
<testng-results ignored="0" total="2" passed="1" failed="1" skipped="0">
  <reporter-output>
  </reporter-output>
  <suite started-at="2025-08-01T16:08:18 IST" name="Suite" finished-at="2025-08-01T16:08:59 IST" duration-ms="41512">
    <groups>
      <group name="Regression">
        <method signature="BookFlightScriptUsingWaits.TicketBooking()[pri:0, instance:Booking.BookingCode.BookFlightScriptUsingWaits@25df00a0]" name="TicketBooking" class="Booking.BookingCode.BookFlightScriptUsingWaits"/>
      </group> <!-- Regression -->
      <group name="Regression For Error">
        <method signature="BookFlightScriptUsingWaits.ErrorValidation()[pri:0, instance:Booking.BookingCode.BookFlightScriptUsingWaits@25df00a0]" name="ErrorValidation" class="Booking.BookingCode.BookFlightScriptUsingWaits"/>
      </group> <!-- Regression For Error -->
    </groups>
    <test started-at="2025-08-01T16:08:18 IST" name="Test" finished-at="2025-08-01T16:08:59 IST" duration-ms="41512">
      <class name="Booking.BookingCode.BookFlightScriptUsingWaits">
        <test-method signature="TicketBooking()[pri:0, instance:Booking.BookingCode.BookFlightScriptUsingWaits@25df00a0]" started-at="2025-08-01T16:08:18 IST" name="TicketBooking" finished-at="2025-08-01T16:08:40 IST" duration-ms="21989" status="PASS">
          <reporter-output>
          </reporter-output>
        </test-method> <!-- TicketBooking -->
        <test-method signature="ErrorValidation()[pri:0, instance:Booking.BookingCode.BookFlightScriptUsingWaits@25df00a0]" started-at="2025-08-01T16:08:40 IST" name="ErrorValidation" finished-at="2025-08-01T16:08:59 IST" depends-on-methods="Booking.BookingCode.BookFlightScriptUsingWaits.TicketBooking" duration-ms="19224" status="FAIL">
          <exception class="org.openqa.selenium.NoSuchElementException">
            <message>
              <![CDATA[Cannot locate option with index: 5
For documentation on this error, please visit: https://www.selenium.dev/documentation/webdriver/troubleshooting/errors#no-such-element-exception
Build info: version: '4.33.0', revision: '2c6aaad03a'
System info: os.name: 'Mac OS X', os.arch: 'x86_64', os.version: '15.5', java.version: '21.0.7'
Driver info: driver.version: unknown]]>
            </message>
            <full-stacktrace>
              <![CDATA[org.openqa.selenium.NoSuchElementException: Cannot locate option with index: 5
For documentation on this error, please visit: https://www.selenium.dev/documentation/webdriver/troubleshooting/errors#no-such-element-exception
Build info: version: '4.33.0', revision: '2c6aaad03a'
System info: os.name: 'Mac OS X', os.arch: 'x86_64', os.version: '15.5', java.version: '21.0.7'
Driver info: driver.version: unknown
at org.openqa.selenium.support.ui.Select.setSelectedByIndex(Select.java:407)
at org.openqa.selenium.support.ui.Select.selectByIndex(Select.java:262)
at ritikyadav.pageobjects.BookingTickets.SelectCurrencyForError(BookingTickets.java:96)
at Booking.BookingCode.BookFlightScriptUsingWaits.ErrorValidation(BookFlightScriptUsingWaits.java:29)
at java.base/jdk.internal.reflect.DirectMethodHandleAccessor.invoke(DirectMethodHandleAccessor.java:103)
at java.base/java.lang.reflect.Method.invoke(Method.java:580)
at org.testng.internal.invokers.MethodInvocationHelper.invokeMethod(MethodInvocationHelper.java:141)
at org.testng.internal.invokers.TestInvoker.invokeMethod(TestInvoker.java:687)
at org.testng.internal.invokers.TestInvoker.invokeTestMethod(TestInvoker.java:230)
at org.testng.internal.invokers.MethodRunner.runInSequence(MethodRunner.java:63)
at org.testng.internal.invokers.TestInvoker$MethodInvocationAgent.invoke(TestInvoker.java:995)
at org.testng.internal.invokers.TestInvoker.invokeTestMethods(TestInvoker.java:203)
at org.testng.internal.invokers.TestMethodWorker.invokeTestMethods(TestMethodWorker.java:154)
at org.testng.internal.invokers.TestMethodWorker.run(TestMethodWorker.java:134)
at java.base/java.util.ArrayList.forEach(ArrayList.java:1596)
at org.testng.TestRunner.privateRun(TestRunner.java:741)
at org.testng.TestRunner.run(TestRunner.java:616)
at org.testng.SuiteRunner.runTest(SuiteRunner.java:421)
at org.testng.SuiteRunner.runSequentially(SuiteRunner.java:413)
at org.testng.SuiteRunner.privateRun(SuiteRunner.java:373)
at org.testng.SuiteRunner.run(SuiteRunner.java:312)
at org.testng.SuiteRunnerWorker.runSuite(SuiteRunnerWorker.java:52)
at org.testng.SuiteRunnerWorker.run(SuiteRunnerWorker.java:95)
at org.testng.TestNG.runSuitesSequentially(TestNG.java:1274)
at org.testng.TestNG.runSuitesLocally(TestNG.java:1208)
at org.testng.TestNG.runSuites(TestNG.java:1112)
at org.testng.TestNG.run(TestNG.java:1079)
at org.testng.remote.AbstractRemoteTestNG.run(AbstractRemoteTestNG.java:115)
at org.testng.remote.RemoteTestNG.initAndRun(RemoteTestNG.java:293)
at org.testng.remote.RemoteTestNG.main(RemoteTestNG.java:91)
]]>
            </full-stacktrace>
          </exception> <!-- org.openqa.selenium.NoSuchElementException -->
          <reporter-output>
          </reporter-output>
        </test-method> <!-- ErrorValidation -->
      </class> <!-- Booking.BookingCode.BookFlightScriptUsingWaits -->
    </test> <!-- Test -->
  </suite> <!-- Suite -->
</testng-results>
